Traceback (most recent call last):
  File "rtcConfSet.py", line 65, in <module>
    from wasanbon.core.rtc.rtcprofile import RTCProfile
  File "wasanbon\core\rtc\rtcprofile.pyo", line 7, in <module>
  File "lxml\etree.pyo", line 12, in <module>
  File "lxml\etree.pyo", line 10, in __load
  File "lxml.etree.pyx", line 84, in init lxml.etree (src\lxml\lxml.etree.c:198186)
ImportError: cannot import name _elementpath
Traceback (most recent call last):
  File "rtcConfSet.py", line 65, in <module>
    from wasanbon.core.rtc.rtcprofile import RTCProfile
  File "wasanbon\core\rtc\rtcprofile.pyo", line 7, in <module>
  File "lxml\etree.pyo", line 12, in <module>
  File "lxml\etree.pyo", line 10, in __load
  File "lxml.etree.pyx", line 84, in init lxml.etree (src\lxml\lxml.etree.c:198186)
ImportError: cannot import name _elementpath
Traceback (most recent call last):
  File "rtcConfSet.py", line 65, in <module>
    from wasanbon.core.rtc.rtcprofile import RTCProfile
  File "wasanbon\core\rtc\rtcprofile.pyo", line 7, in <module>
  File "lxml\etree.pyo", line 12, in <module>
  File "lxml\etree.pyo", line 10, in __load
  File "lxml.etree.pyx", line 84, in init lxml.etree (src\lxml\lxml.etree.c:198186)
ImportError: cannot import name _elementpath
